<?xml version="1.0" encoding="UTF-8"?>
<!-- Generated by org.testng.reporters.JUnitXMLReporter -->
<testsuite ignored="0" hostname="fedora" failures="0" tests="4" name="Default test" time="1.787" errors="0" timestamp="2022-08-11T00:40:58 EDT">
  <testcase classname="admin.AdminEditProductTest" name="testProductId" time="0.525"/>
  <testcase classname="admin.AdminEditProductTest" name="validateFormTest" time="0.647"/>
  <testcase classname="admin.AdminEditProductTest" name="validatePageTitleTest" time="0.162"/>
  <testcase classname="admin.AdminEditProductTest" name="validateSuccessMessageTest" time="0.324"/>
</testsuite> <!-- Default test -->
