<?xml version="1.0" encoding="UTF-8"?>
<testng-results ignored="0" total="25" passed="24" failed="1" skipped="0">
  <reporter-output>
  </reporter-output>
  <suite started-at="2022-08-13T07:24:11 EDT" name="Surefire suite" finished-at="2022-08-13T07:24:34 EDT" duration-ms="23078">
    <groups>
    </groups>
    <test started-at="2022-08-13T07:24:11 EDT" name="Surefire test" finished-at="2022-08-13T07:24:34 EDT" duration-ms="23078">
      <class name="admin.AdminTest">
        <test-method signature="EditBtnTest()[pri:0, instance:admin.AdminTest@c68a5f8]" started-at="2022-08-13T07:24:14 EDT" name="EditBtnTest" finished-at="2022-08-13T07:24:15 EDT" duration-ms="881" status="PASS">
          <reporter-output>
          </reporter-output>
        </test-method> <!-- EditBtnTest -->
        <test-method signature="validateHeadersTest()[pri:0, instance:admin.AdminTest@c68a5f8]" started-at="2022-08-13T07:24:15 EDT" name="validateHeadersTest" finished-at="2022-08-13T07:24:15 EDT" duration-ms="164" status="PASS">
          <reporter-output>
          </reporter-output>
        </test-method> <!-- validateHeadersTest -->
        <test-method signature="validatePageTitleTest()[pri:0, instance:admin.AdminTest@c68a5f8]" started-at="2022-08-13T07:24:15 EDT" name="validatePageTitleTest" finished-at="2022-08-13T07:24:15 EDT" duration-ms="146" status="PASS">
          <reporter-output>
          </reporter-output>
        </test-method> <!-- validatePageTitleTest -->
        <test-method signature="validatePriceTest()[pri:0, instance:admin.AdminTest@c68a5f8]" started-at="2022-08-13T07:24:15 EDT" name="validatePriceTest" finished-at="2022-08-13T07:24:16 EDT" duration-ms="399" status="PASS">
          <reporter-output>
          </reporter-output>
        </test-method> <!-- validatePriceTest -->
        <test-method is-config="true" signature="close()[pri:0, instance:admin.AdminTest@c68a5f8]" started-at="2022-08-13T07:24:34 EDT" name="close" finished-at="2022-08-13T07:24:34 EDT" duration-ms="59" status="PASS">
          <reporter-output>
          </reporter-output>
        </test-method> <!-- close -->
      </class> <!-- admin.AdminTest -->
      <class name="shop.ShopTest">
        <test-method signature="buttonNotLoginTest()[pri:0, instance:shop.ShopTest@540b0448]" started-at="2022-08-13T07:24:29 EDT" name="buttonNotLoginTest" finished-at="2022-08-13T07:24:30 EDT" duration-ms="943" status="PASS">
          <reporter-output>
          </reporter-output>
        </test-method> <!-- buttonNotLoginTest -->
        <test-method signature="buttonTest()[pri:0, instance:shop.ShopTest@540b0448]" started-at="2022-08-13T07:24:30 EDT" name="buttonTest" finished-at="2022-08-13T07:24:31 EDT" duration-ms="650" status="PASS">
          <reporter-output>
          </reporter-output>
        </test-method> <!-- buttonTest -->
        <test-method signature="categoryTest()[pri:0, instance:shop.ShopTest@540b0448]" started-at="2022-08-13T07:24:31 EDT" name="categoryTest" finished-at="2022-08-13T07:24:32 EDT" duration-ms="1568" status="PASS">
          <reporter-output>
          </reporter-output>
        </test-method> <!-- categoryTest -->
        <test-method signature="prodBuyBtnNotLoginTest()[pri:0, instance:shop.ShopTest@540b0448]" started-at="2022-08-13T07:24:32 EDT" name="prodBuyBtnNotLoginTest" finished-at="2022-08-13T07:24:33 EDT" duration-ms="449" status="PASS">
          <reporter-output>
          </reporter-output>
        </test-method> <!-- prodBuyBtnNotLoginTest -->
        <test-method signature="productListTest()[pri:0, instance:shop.ShopTest@540b0448]" started-at="2022-08-13T07:24:33 EDT" name="productListTest" finished-at="2022-08-13T07:24:33 EDT" duration-ms="180" status="PASS">
          <reporter-output>
          </reporter-output>
        </test-method> <!-- productListTest -->
        <test-method signature="searchTest()[pri:0, instance:shop.ShopTest@540b0448]" started-at="2022-08-13T07:24:33 EDT" name="searchTest" finished-at="2022-08-13T07:24:34 EDT" duration-ms="744" status="PASS">
          <reporter-output>
          </reporter-output>
        </test-method> <!-- searchTest -->
        <test-method signature="validatePageTitleTest()[pri:0, instance:shop.ShopTest@540b0448]" started-at="2022-08-13T07:24:34 EDT" name="validatePageTitleTest" finished-at="2022-08-13T07:24:34 EDT" duration-ms="190" status="PASS">
          <reporter-output>
          </reporter-output>
        </test-method> <!-- validatePageTitleTest -->
        <test-method is-config="true" signature="close()[pri:0, instance:shop.ShopTest@540b0448]" started-at="2022-08-13T07:24:34 EDT" name="close" finished-at="2022-08-13T07:24:34 EDT" duration-ms="64" status="PASS">
          <reporter-output>
          </reporter-output>
        </test-method> <!-- close -->
      </class> <!-- shop.ShopTest -->
      <class name="login.LoginTest">
        <test-method signature="badLoginTest()[pri:0, instance:login.LoginTest@1542af63]" started-at="2022-08-13T07:24:16 EDT" name="badLoginTest" finished-at="2022-08-13T07:24:17 EDT" duration-ms="1342" status="PASS">
          <reporter-output>
          </reporter-output>
        </test-method> <!-- badLoginTest -->
        <test-method signature="testEmptyPassword()[pri:0, instance:login.LoginTest@1542af63]" started-at="2022-08-13T07:24:17 EDT" name="testEmptyPassword" finished-at="2022-08-13T07:24:17 EDT" duration-ms="466" status="PASS">
          <reporter-output>
          </reporter-output>
        </test-method> <!-- testEmptyPassword -->
        <test-method signature="testEmptyUsername()[pri:0, instance:login.LoginTest@1542af63]" started-at="2022-08-13T07:24:17 EDT" name="testEmptyUsername" finished-at="2022-08-13T07:24:18 EDT" duration-ms="454" status="PASS">
          <reporter-output>
          </reporter-output>
        </test-method> <!-- testEmptyUsername -->
        <test-method signature="validatePageTitleTest()[pri:0, instance:login.LoginTest@1542af63]" started-at="2022-08-13T07:24:18 EDT" name="validatePageTitleTest" finished-at="2022-08-13T07:24:18 EDT" duration-ms="290" status="PASS">
          <reporter-output>
          </reporter-output>
        </test-method> <!-- validatePageTitleTest -->
        <test-method is-config="true" signature="close()[pri:0, instance:login.LoginTest@1542af63]" started-at="2022-08-13T07:24:34 EDT" name="close" finished-at="2022-08-13T07:24:34 EDT" duration-ms="60" status="PASS">
          <reporter-output>
          </reporter-output>
        </test-method> <!-- close -->
      </class> <!-- login.LoginTest -->
      <class name="login.RegistrationTest">
        <test-method signature="ExistingUserTest()[pri:0, instance:login.RegistrationTest@9d1a267]" started-at="2022-08-13T07:24:18 EDT" name="ExistingUserTest" finished-at="2022-08-13T07:24:20 EDT" duration-ms="1683" status="PASS">
          <reporter-output>
          </reporter-output>
        </test-method> <!-- ExistingUserTest -->
        <test-method signature="InvalidPasswodTest()[pri:0, instance:login.RegistrationTest@9d1a267]" started-at="2022-08-13T07:24:20 EDT" name="InvalidPasswodTest" finished-at="2022-08-13T07:24:21 EDT" duration-ms="952" status="PASS">
          <reporter-output>
          </reporter-output>
        </test-method> <!-- InvalidPasswodTest -->
        <test-method signature="ValidRegistrationTest()[pri:0, instance:login.RegistrationTest@9d1a267]" started-at="2022-08-13T07:24:21 EDT" name="ValidRegistrationTest" finished-at="2022-08-13T07:24:27 EDT" duration-ms="6077" status="PASS">
          <reporter-output>
          </reporter-output>
        </test-method> <!-- ValidRegistrationTest -->
        <test-method signature="disableBtnTest()[pri:0, instance:login.RegistrationTest@9d1a267]" started-at="2022-08-13T07:24:27 EDT" name="disableBtnTest" finished-at="2022-08-13T07:24:28 EDT" duration-ms="959" status="PASS">
          <reporter-output>
          </reporter-output>
        </test-method> <!-- disableBtnTest -->
        <test-method signature="invalidEmailTest()[pri:0, instance:login.RegistrationTest@9d1a267]" started-at="2022-08-13T07:24:28 EDT" name="invalidEmailTest" finished-at="2022-08-13T07:24:29 EDT" duration-ms="1065" status="PASS">
          <reporter-output>
          </reporter-output>
        </test-method> <!-- invalidEmailTest -->
        <test-method signature="validatePageTitleTest()[pri:0, instance:login.RegistrationTest@9d1a267]" started-at="2022-08-13T07:24:29 EDT" name="validatePageTitleTest" finished-at="2022-08-13T07:24:29 EDT" duration-ms="148" status="PASS">
          <reporter-output>
          </reporter-output>
        </test-method> <!-- validatePageTitleTest -->
        <test-method is-config="true" signature="close()[pri:0, instance:login.RegistrationTest@9d1a267]" started-at="2022-08-13T07:24:34 EDT" name="close" finished-at="2022-08-13T07:24:34 EDT" duration-ms="62" status="PASS">
          <reporter-output>
          </reporter-output>
        </test-method> <!-- close -->
      </class> <!-- login.RegistrationTest -->
      <class name="admin.AdminEditProductTest">
        <test-method signature="testProductId()[pri:0, instance:admin.AdminEditProductTest@710b30ef]" started-at="2022-08-13T07:24:11 EDT" name="testProductId" finished-at="2022-08-13T07:24:12 EDT" duration-ms="806" status="PASS">
          <reporter-output>
          </reporter-output>
        </test-method> <!-- testProductId -->
        <test-method signature="validateFormTest()[pri:0, instance:admin.AdminEditProductTest@710b30ef]" started-at="2022-08-13T07:24:12 EDT" name="validateFormTest" finished-at="2022-08-13T07:24:13 EDT" duration-ms="676" status="PASS">
          <reporter-output>
          </reporter-output>
        </test-method> <!-- validateFormTest -->
        <test-method signature="validatePageTitleTest()[pri:0, instance:admin.AdminEditProductTest@710b30ef]" started-at="2022-08-13T07:24:13 EDT" name="validatePageTitleTest" finished-at="2022-08-13T07:24:13 EDT" duration-ms="190" status="PASS">
          <reporter-output>
          </reporter-output>
        </test-method> <!-- validatePageTitleTest -->
        <test-method signature="validateSuccessMessageTest()[pri:0, instance:admin.AdminEditProductTest@710b30ef]" started-at="2022-08-13T07:24:13 EDT" name="validateSuccessMessageTest" finished-at="2022-08-13T07:24:14 EDT" duration-ms="1249" status="FAIL">
          <exception class="org.openqa.selenium.ElementClickInterceptedException">
            <message>
              <![CDATA[element click intercepted: Element is not clickable at point (302, 744)
  (Session info: headless chrome=104.0.5112.79)
Build info: version: '4.3.0', revision: 'a4995e2c09*'
System info: host: 'fedora', ip: '192.168.1.37', os.name: 'Linux', os.arch: 'amd64', os.version: '5.18.13-200.fc36.x86_64', java.version: '17.0.4'
Driver info: org.openqa.selenium.chrome.ChromeDriver
Command: [1a8e89a1aed6cc5db43b8b54c0b1a85a, clickElement {id=201e6381-03c0-47c0-a508-efc3cc879865}]
Capabilities {acceptInsecureCerts: false, browserName: chrome, browserVersion: 104.0.5112.79, chrome: {chromedriverVersion: 104.0.5112.79 (3cf3e8c8a07d..., userDataDir: /tmp/.com.google.Chrome.gSvfnL}, goog:chromeOptions: {debuggerAddress: localhost:43873}, networkConnectionEnabled: false, pageLoadStrategy: normal, platformName: LINUX, proxy: Proxy(), se:cdp: ws://localhost:43873/devtoo..., se:cdpVersion: 104.0.5112.79, setWindowRect: true, strictFileInteractability: false, timeouts: {implicit: 0, pageLoad: 300000, script: 30000}, unhandledPromptBehavior: dismiss and notify, webauthn:extension:credBlob: true, webauthn:extension:largeBlob: true, webauthn:virtualAuthenticators: true}
Element: [[ChromeDriver: chrome on LINUX (1a8e89a1aed6cc5db43b8b54c0b1a85a)] -> id: prod-submit-btn]
Session ID: 1a8e89a1aed6cc5db43b8b54c0b1a85a]]>
            </message>
            <full-stacktrace>
              <![CDATA[org.openqa.selenium.ElementClickInterceptedException: element click intercepted: Element is not clickable at point (302, 744)
  (Session info: headless chrome=104.0.5112.79)
Build info: version: '4.3.0', revision: 'a4995e2c09*'
System info: host: 'fedora', ip: '192.168.1.37', os.name: 'Linux', os.arch: 'amd64', os.version: '5.18.13-200.fc36.x86_64', java.version: '17.0.4'
Driver info: org.openqa.selenium.chrome.ChromeDriver
Command: [1a8e89a1aed6cc5db43b8b54c0b1a85a, clickElement {id=201e6381-03c0-47c0-a508-efc3cc879865}]
Capabilities {acceptInsecureCerts: false, browserName: chrome, browserVersion: 104.0.5112.79, chrome: {chromedriverVersion: 104.0.5112.79 (3cf3e8c8a07d..., userDataDir: /tmp/.com.google.Chrome.gSvfnL}, goog:chromeOptions: {debuggerAddress: localhost:43873}, networkConnectionEnabled: false, pageLoadStrategy: normal, platformName: LINUX, proxy: Proxy(), se:cdp: ws://localhost:43873/devtoo..., se:cdpVersion: 104.0.5112.79, setWindowRect: true, strictFileInteractability: false, timeouts: {implicit: 0, pageLoad: 300000, script: 30000}, unhandledPromptBehavior: dismiss and notify, webauthn:extension:credBlob: true, webauthn:extension:largeBlob: true, webauthn:virtualAuthenticators: true}
Element: [[ChromeDriver: chrome on LINUX (1a8e89a1aed6cc5db43b8b54c0b1a85a)] -> id: prod-submit-btn]
Session ID: 1a8e89a1aed6cc5db43b8b54c0b1a85a
at java.base/jdk.internal.reflect.NativeConstructorAccessorImpl.newInstance0(Native Method)
at java.base/jdk.internal.reflect.NativeConstructorAccessorImpl.newInstance(NativeConstructorAccessorImpl.java:77)
at java.base/jdk.internal.reflect.DelegatingConstructorAccessorImpl.newInstance(DelegatingConstructorAccessorImpl.java:45)
at java.base/java.lang.reflect.Constructor.newInstanceWithCaller(Constructor.java:499)
at java.base/java.lang.reflect.Constructor.newInstance(Constructor.java:480)
at org.openqa.selenium.remote.codec.w3c.W3CHttpResponseCodec.createException(W3CHttpResponseCodec.java:200)
at org.openqa.selenium.remote.codec.w3c.W3CHttpResponseCodec.decode(W3CHttpResponseCodec.java:133)
at org.openqa.selenium.remote.codec.w3c.W3CHttpResponseCodec.decode(W3CHttpResponseCodec.java:53)
at org.openqa.selenium.remote.HttpCommandExecutor.execute(HttpCommandExecutor.java:184)
at org.openqa.selenium.remote.service.DriverCommandExecutor.invokeExecute(DriverCommandExecutor.java:167)
at org.openqa.selenium.remote.service.DriverCommandExecutor.execute(DriverCommandExecutor.java:142)
at org.openqa.selenium.remote.RemoteWebDriver.execute(RemoteWebDriver.java:569)
at org.openqa.selenium.remote.RemoteWebElement.execute(RemoteWebElement.java:257)
at org.openqa.selenium.remote.RemoteWebElement.click(RemoteWebElement.java:78)
at admin.AdminEditProductTest.validateSuccessMessageTest(AdminEditProductTest.java:72)
at java.base/jdk.internal.reflect.NativeMethodAccessorImpl.invoke0(Native Method)
at java.base/jdk.internal.reflect.NativeMethodAccessorImpl.invoke(NativeMethodAccessorImpl.java:77)
at java.base/jdk.internal.reflect.DelegatingMethodAccessorImpl.invoke(DelegatingMethodAccessorImpl.java:43)
at java.base/java.lang.reflect.Method.invoke(Method.java:568)
at org.testng.internal.invokers.MethodInvocationHelper.invokeMethod(MethodInvocationHelper.java:139)
at org.testng.internal.invokers.TestInvoker.invokeMethod(TestInvoker.java:677)
at org.testng.internal.invokers.TestInvoker.invokeTestMethod(TestInvoker.java:221)
at org.testng.internal.invokers.MethodRunner.runInSequence(MethodRunner.java:50)
at org.testng.internal.invokers.TestInvoker$MethodInvocationAgent.invoke(TestInvoker.java:962)
at org.testng.internal.invokers.TestInvoker.invokeTestMethods(TestInvoker.java:194)
at org.testng.internal.invokers.TestMethodWorker.invokeTestMethods(TestMethodWorker.java:148)
at org.testng.internal.invokers.TestMethodWorker.run(TestMethodWorker.java:128)
at java.base/java.util.ArrayList.forEach(ArrayList.java:1511)
at org.testng.TestRunner.privateRun(TestRunner.java:806)
at org.testng.TestRunner.run(TestRunner.java:601)
at org.testng.SuiteRunner.runTest(SuiteRunner.java:433)
at org.testng.SuiteRunner.runSequentially(SuiteRunner.java:427)
at org.testng.SuiteRunner.privateRun(SuiteRunner.java:387)
at org.testng.SuiteRunner.run(SuiteRunner.java:330)
at org.testng.SuiteRunnerWorker.runSuite(SuiteRunnerWorker.java:52)
at org.testng.SuiteRunnerWorker.run(SuiteRunnerWorker.java:95)
at org.testng.TestNG.runSuitesSequentially(TestNG.java:1256)
at org.testng.TestNG.runSuitesLocally(TestNG.java:1176)
at org.testng.TestNG.runSuites(TestNG.java:1099)
at org.testng.TestNG.run(TestNG.java:1067)
at org.apache.maven.surefire.testng.TestNGExecutor.run(TestNGExecutor.java:132)
at org.apache.maven.surefire.testng.TestNGDirectoryTestSuite.executeMulti(TestNGDirectoryTestSuite.java:193)
at org.apache.maven.surefire.testng.TestNGDirectoryTestSuite.execute(TestNGDirectoryTestSuite.java:94)
at org.apache.maven.surefire.testng.TestNGProvider.invoke(TestNGProvider.java:147)
at org.apache.maven.surefire.booter.ForkedBooter.invokeProviderInSameClassLoader(ForkedBooter.java:290)
at org.apache.maven.surefire.booter.ForkedBooter.runSuitesInProcess(ForkedBooter.java:242)
at org.apache.maven.surefire.booter.ForkedBooter.main(ForkedBooter.java:121)
]]>
            </full-stacktrace>
          </exception> <!-- org.openqa.selenium.ElementClickInterceptedException -->
          <reporter-output>
          </reporter-output>
        </test-method> <!-- validateSuccessMessageTest -->
        <test-method is-config="true" signature="close()[pri:0, instance:admin.AdminEditProductTest@710b30ef]" started-at="2022-08-13T07:24:34 EDT" name="close" finished-at="2022-08-13T07:24:34 EDT" duration-ms="70" status="PASS">
          <reporter-output>
          </reporter-output>
        </test-method> <!-- close -->
      </class> <!-- admin.AdminEditProductTest -->
    </test> <!-- Surefire test -->
  </suite> <!-- Surefire suite -->
</testng-results>
