<?xml version="1.0" encoding="UTF-8"?>
<testsuite xmlns:xsi="http://www.w3.org/2001/XMLSchema-instance" xsi:schemaLocation="https://maven.apache.org/surefire/maven-surefire-plugin/xsd/surefire-test-report.xsd" name="TestSuite" time="26.647" tests="25" errors="0" skipped="0" failures="1">
  <properties>
[...]
</properties>
  <testcase name="testProductId" classname="admin.AdminEditProductTest" time="0.807"/>
  <testcase name="validateFormTest" classname="admin.AdminEditProductTest" time="0.674"/>
  <testcase name="validatePageTitleTest" classname="admin.AdminEditProductTest" time="0.19"/>
  <testcase name="validateSuccessMessageTest" classname="admin.AdminEditProductTest" time="1.268">
    <failure message="element click intercepted: Element is not clickable at point (302, 744)&#10;  (Session info: headless chrome=104.0.5112.79)&#10;Build info: version: &apos;4.3.0&apos;, revision: &apos;a4995e2c09*&apos;&#10;System info: host: &apos;fedora&apos;, ip: &apos;192.168.1.37&apos;, os.name: &apos;Linux&apos;, os.arch: &apos;amd64&apos;, os.version: &apos;5.18.13-200.fc36.x86_64&apos;, java.version: &apos;17.0.4&apos;&#10;Driver info: org.openqa.selenium.chrome.ChromeDriver&#10;Command: [1a8e89a1aed6cc5db43b8b54c0b1a85a, clickElement {id=201e6381-03c0-47c0-a508-efc3cc879865}]&#10;Capabilities {acceptInsecureCerts: false, browserName: chrome, browserVersion: 104.0.5112.79, chrome: {chromedriverVersion: 104.0.5112.79 (3cf3e8c8a07d..., userDataDir: /tmp/.com.google.Chrome.gSvfnL}, goog:chromeOptions: {debuggerAddress: localhost:43873}, networkConnectionEnabled: false, pageLoadStrategy: normal, platformName: LINUX, proxy: Proxy(), se:cdp: ws://localhost:43873/devtoo..., se:cdpVersion: 104.0.5112.79, setWindowRect: true, strictFileInteractability: false, timeouts: {implicit: 0, pageLoad: 300000, script: 30000}, unhandledPromptBehavior: dismiss and notify, webauthn:extension:credBlob: true, webauthn:extension:largeBlob: true, webauthn:virtualAuthenticators: true}&#10;Element: [[ChromeDriver: chrome on LINUX (1a8e89a1aed6cc5db43b8b54c0b1a85a)] -&gt; id: prod-submit-btn]&#10;Session ID: 1a8e89a1aed6cc5db43b8b54c0b1a85a" type="org.openqa.selenium.ElementClickInterceptedException">org.openqa.selenium.ElementClickInterceptedException: 
element click intercepted: Element is not clickable at point (302, 744)
  (Session info: headless chrome=104.0.5112.79)
Build info: version: '4.3.0', revision: 'a4995e2c09*'
System info: host: 'fedora', ip: '192.168.1.37', os.name: 'Linux', os.arch: 'amd64', os.version: '5.18.13-200.fc36.x86_64', java.version: '17.0.4'
Driver info: org.openqa.selenium.chrome.ChromeDriver
Command: [1a8e89a1aed6cc5db43b8b54c0b1a85a, clickElement {id=201e6381-03c0-47c0-a508-efc3cc879865}]
Capabilities {acceptInsecureCerts: false, browserName: chrome, browserVersion: 104.0.5112.79, chrome: {chromedriverVersion: 104.0.5112.79 (3cf3e8c8a07d..., userDataDir: /tmp/.com.google.Chrome.gSvfnL}, goog:chromeOptions: {debuggerAddress: localhost:43873}, networkConnectionEnabled: false, pageLoadStrategy: normal, platformName: LINUX, proxy: Proxy(), se:cdp: ws://localhost:43873/devtoo..., se:cdpVersion: 104.0.5112.79, setWindowRect: true, strictFileInteractability: false, timeouts: {implicit: 0, pageLoad: 300000, script: 30000}, unhandledPromptBehavior: dismiss and notify, webauthn:extension:credBlob: true, webauthn:extension:largeBlob: true, webauthn:virtualAuthenticators: true}
Element: [[ChromeDriver: chrome on LINUX (1a8e89a1aed6cc5db43b8b54c0b1a85a)] -> id: prod-submit-btn]
Session ID: 1a8e89a1aed6cc5db43b8b54c0b1a85a
	at admin.AdminEditProductTest.validateSuccessMessageTest(AdminEditProductTest.java:72)
</failure>
  </testcase>
  <testcase name="EditBtnTest" classname="admin.AdminTest" time="0.881"/>
  <testcase name="validateHeadersTest" classname="admin.AdminTest" time="0.163"/>
  <testcase name="validatePageTitleTest" classname="admin.AdminTest" time="0.145"/>
  <testcase name="validatePriceTest" classname="admin.AdminTest" time="0.399"/>
  <testcase name="badLoginTest" classname="login.LoginTest" time="1.342"/>
  <testcase name="testEmptyPassword" classname="login.LoginTest" time="0.465"/>
  <testcase name="testEmptyUsername" classname="login.LoginTest" time="0.453"/>
  <testcase name="validatePageTitleTest" classname="login.LoginTest" time="0.289"/>
  <testcase name="ExistingUserTest" classname="login.RegistrationTest" time="1.683"/>
  <testcase name="InvalidPasswodTest" classname="login.RegistrationTest" time="0.951"/>
  <testcase name="ValidRegistrationTest" classname="login.RegistrationTest" time="6.078"/>
  <testcase name="disableBtnTest" classname="login.RegistrationTest" time="0.96"/>
  <testcase name="invalidEmailTest" classname="login.RegistrationTest" time="1.066"/>
  <testcase name="validatePageTitleTest" classname="login.RegistrationTest" time="0.149"/>
  <testcase name="buttonNotLoginTest" classname="shop.ShopTest" time="0.943"/>
  <testcase name="buttonTest" classname="shop.ShopTest" time="0.649"/>
  <testcase name="categoryTest" classname="shop.ShopTest" time="1.568"/>
  <testcase name="prodBuyBtnNotLoginTest" classname="shop.ShopTest" time="0.45"/>
  <testcase name="productListTest" classname="shop.ShopTest" time="0.179"/>
  <testcase name="searchTest" classname="shop.ShopTest" time="0.745"/>
  <testcase name="validatePageTitleTest" classname="shop.ShopTest" time="0.19"/>
</testsuite>