<?xml version="1.0" encoding="UTF-8"?>
<testng-results ignored="0" total="25" passed="25" failed="0" skipped="0">
  <reporter-output>
  </reporter-output>
  <suite started-at="2022-08-12T20:45:37 EDT" name="Default suite" finished-at="2022-08-12T20:46:08 EDT" duration-ms="30852">
    <groups>
    </groups>
    <test started-at="2022-08-12T20:45:37 EDT" name="Default test" finished-at="2022-08-12T20:46:08 EDT" duration-ms="30852">
      <class name="admin.AdminTest">
        <test-method signature="EditBtnTest()[pri:0, instance:admin.AdminTest@2063c53e]" started-at="2022-08-12T20:45:37 EDT" name="EditBtnTest" finished-at="2022-08-12T20:45:38 EDT" duration-ms="534" status="PASS">
          <reporter-output>
          </reporter-output>
        </test-method> <!-- EditBtnTest -->
        <test-method signature="validateHeadersTest()[pri:0, instance:admin.AdminTest@2063c53e]" started-at="2022-08-12T20:45:38 EDT" name="validateHeadersTest" finished-at="2022-08-12T20:45:38 EDT" duration-ms="210" status="PASS">
          <reporter-output>
          </reporter-output>
        </test-method> <!-- validateHeadersTest -->
        <test-method signature="validatePageTitleTest()[pri:0, instance:admin.AdminTest@2063c53e]" started-at="2022-08-12T20:45:38 EDT" name="validatePageTitleTest" finished-at="2022-08-12T20:45:38 EDT" duration-ms="170" status="PASS">
          <reporter-output>
          </reporter-output>
        </test-method> <!-- validatePageTitleTest -->
        <test-method signature="validatePriceTest()[pri:0, instance:admin.AdminTest@2063c53e]" started-at="2022-08-12T20:45:38 EDT" name="validatePriceTest" finished-at="2022-08-12T20:45:38 EDT" duration-ms="218" status="PASS">
          <reporter-output>
          </reporter-output>
        </test-method> <!-- validatePriceTest -->
        <test-method is-config="true" signature="close()[pri:0, instance:admin.AdminTest@2063c53e]" started-at="2022-08-12T20:46:08 EDT" name="close" finished-at="2022-08-12T20:46:08 EDT" duration-ms="68" status="PASS">
          <reporter-output>
          </reporter-output>
        </test-method> <!-- close -->
      </class> <!-- admin.AdminTest -->
      <class name="shop.ShopTest">
        <test-method signature="buttonNotLoginTest()[pri:0, instance:shop.ShopTest@2babf189]" started-at="2022-08-12T20:45:38 EDT" name="buttonNotLoginTest" finished-at="2022-08-12T20:45:39 EDT" duration-ms="509" status="PASS">
          <reporter-output>
          </reporter-output>
        </test-method> <!-- buttonNotLoginTest -->
        <test-method signature="buttonTest()[pri:0, instance:shop.ShopTest@2babf189]" started-at="2022-08-12T20:45:39 EDT" name="buttonTest" finished-at="2022-08-12T20:45:39 EDT" duration-ms="478" status="PASS">
          <reporter-output>
          </reporter-output>
        </test-method> <!-- buttonTest -->
        <test-method signature="categoryTest()[pri:0, instance:shop.ShopTest@2babf189]" started-at="2022-08-12T20:45:39 EDT" name="categoryTest" finished-at="2022-08-12T20:45:50 EDT" duration-ms="10581" status="PASS">
          <reporter-output>
          </reporter-output>
        </test-method> <!-- categoryTest -->
        <test-method signature="prodBuyBtnNotLoginTest()[pri:0, instance:shop.ShopTest@2babf189]" started-at="2022-08-12T20:45:50 EDT" name="prodBuyBtnNotLoginTest" finished-at="2022-08-12T20:45:50 EDT" duration-ms="309" status="PASS">
          <reporter-output>
          </reporter-output>
        </test-method> <!-- prodBuyBtnNotLoginTest -->
        <test-method signature="productListTest()[pri:0, instance:shop.ShopTest@2babf189]" started-at="2022-08-12T20:45:50 EDT" name="productListTest" finished-at="2022-08-12T20:45:50 EDT" duration-ms="178" status="PASS">
          <reporter-output>
          </reporter-output>
        </test-method> <!-- productListTest -->
        <test-method signature="searchTest()[pri:0, instance:shop.ShopTest@2babf189]" started-at="2022-08-12T20:45:50 EDT" name="searchTest" finished-at="2022-08-12T20:45:51 EDT" duration-ms="326" status="PASS">
          <reporter-output>
          </reporter-output>
        </test-method> <!-- searchTest -->
        <test-method signature="validatePageTitleTest()[pri:0, instance:shop.ShopTest@2babf189]" started-at="2022-08-12T20:45:51 EDT" name="validatePageTitleTest" finished-at="2022-08-12T20:45:51 EDT" duration-ms="218" status="PASS">
          <reporter-output>
          </reporter-output>
        </test-method> <!-- validatePageTitleTest -->
        <test-method is-config="true" signature="close()[pri:0, instance:shop.ShopTest@2babf189]" started-at="2022-08-12T20:46:08 EDT" name="close" finished-at="2022-08-12T20:46:08 EDT" duration-ms="66" status="PASS">
          <reporter-output>
          </reporter-output>
        </test-method> <!-- close -->
      </class> <!-- shop.ShopTest -->
      <class name="login.LoginTest">
        <test-method signature="badLoginTest()[pri:0, instance:login.LoginTest@17b6d426]" started-at="2022-08-12T20:45:51 EDT" name="badLoginTest" finished-at="2022-08-12T20:45:52 EDT" duration-ms="1370" status="PASS">
          <reporter-output>
          </reporter-output>
        </test-method> <!-- badLoginTest -->
        <test-method signature="testEmptyPassword()[pri:0, instance:login.LoginTest@17b6d426]" started-at="2022-08-12T20:45:52 EDT" name="testEmptyPassword" finished-at="2022-08-12T20:45:52 EDT" duration-ms="341" status="PASS">
          <reporter-output>
          </reporter-output>
        </test-method> <!-- testEmptyPassword -->
        <test-method signature="testEmptyUsername()[pri:0, instance:login.LoginTest@17b6d426]" started-at="2022-08-12T20:45:52 EDT" name="testEmptyUsername" finished-at="2022-08-12T20:45:53 EDT" duration-ms="286" status="PASS">
          <reporter-output>
          </reporter-output>
        </test-method> <!-- testEmptyUsername -->
        <test-method signature="validatePageTitleTest()[pri:0, instance:login.LoginTest@17b6d426]" started-at="2022-08-12T20:45:53 EDT" name="validatePageTitleTest" finished-at="2022-08-12T20:45:53 EDT" duration-ms="236" status="PASS">
          <reporter-output>
          </reporter-output>
        </test-method> <!-- validatePageTitleTest -->
        <test-method is-config="true" signature="close()[pri:0, instance:login.LoginTest@17b6d426]" started-at="2022-08-12T20:46:08 EDT" name="close" finished-at="2022-08-12T20:46:08 EDT" duration-ms="65" status="PASS">
          <reporter-output>
          </reporter-output>
        </test-method> <!-- close -->
      </class> <!-- login.LoginTest -->
      <class name="login.RegistrationTest">
        <test-method signature="ExistingUserTest()[pri:0, instance:login.RegistrationTest@7a8406c2]" started-at="2022-08-12T20:45:53 EDT" name="ExistingUserTest" finished-at="2022-08-12T20:45:54 EDT" duration-ms="1205" status="PASS">
          <reporter-output>
          </reporter-output>
        </test-method> <!-- ExistingUserTest -->
        <test-method signature="InvalidPasswodTest()[pri:0, instance:login.RegistrationTest@7a8406c2]" started-at="2022-08-12T20:45:54 EDT" name="InvalidPasswodTest" finished-at="2022-08-12T20:45:55 EDT" duration-ms="815" status="PASS">
          <reporter-output>
          </reporter-output>
        </test-method> <!-- InvalidPasswodTest -->
        <test-method signature="ValidRegistrationTest()[pri:0, instance:login.RegistrationTest@7a8406c2]" started-at="2022-08-12T20:45:55 EDT" name="ValidRegistrationTest" finished-at="2022-08-12T20:46:01 EDT" duration-ms="5926" status="PASS">
          <reporter-output>
          </reporter-output>
        </test-method> <!-- ValidRegistrationTest -->
        <test-method signature="disableBtnTest()[pri:0, instance:login.RegistrationTest@7a8406c2]" started-at="2022-08-12T20:46:01 EDT" name="disableBtnTest" finished-at="2022-08-12T20:46:05 EDT" duration-ms="4484" status="PASS">
          <reporter-output>
          </reporter-output>
        </test-method> <!-- disableBtnTest -->
        <test-method signature="invalidEmailTest()[pri:0, instance:login.RegistrationTest@7a8406c2]" started-at="2022-08-12T20:46:05 EDT" name="invalidEmailTest" finished-at="2022-08-12T20:46:06 EDT" duration-ms="645" status="PASS">
          <reporter-output>
          </reporter-output>
        </test-method> <!-- invalidEmailTest -->
        <test-method signature="validatePageTitleTest()[pri:0, instance:login.RegistrationTest@7a8406c2]" started-at="2022-08-12T20:46:06 EDT" name="validatePageTitleTest" finished-at="2022-08-12T20:46:06 EDT" duration-ms="166" status="PASS">
          <reporter-output>
          </reporter-output>
        </test-method> <!-- validatePageTitleTest -->
        <test-method is-config="true" signature="close()[pri:0, instance:login.RegistrationTest@7a8406c2]" started-at="2022-08-12T20:46:08 EDT" name="close" finished-at="2022-08-12T20:46:08 EDT" duration-ms="70" status="PASS">
          <reporter-output>
          </reporter-output>
        </test-method> <!-- close -->
      </class> <!-- login.RegistrationTest -->
      <class name="admin.AdminEditProductTest">
        <test-method signature="testProductId()[pri:0, instance:admin.AdminEditProductTest@317a118b]" started-at="2022-08-12T20:46:06 EDT" name="testProductId" finished-at="2022-08-12T20:46:07 EDT" duration-ms="461" status="PASS">
          <reporter-output>
          </reporter-output>
        </test-method> <!-- testProductId -->
        <test-method signature="validateFormTest()[pri:0, instance:admin.AdminEditProductTest@317a118b]" started-at="2022-08-12T20:46:07 EDT" name="validateFormTest" finished-at="2022-08-12T20:46:07 EDT" duration-ms="384" status="PASS">
          <reporter-output>
          </reporter-output>
        </test-method> <!-- validateFormTest -->
        <test-method signature="validatePageTitleTest()[pri:0, instance:admin.AdminEditProductTest@317a118b]" started-at="2022-08-12T20:46:07 EDT" name="validatePageTitleTest" finished-at="2022-08-12T20:46:07 EDT" duration-ms="166" status="PASS">
          <reporter-output>
          </reporter-output>
        </test-method> <!-- validatePageTitleTest -->
        <test-method signature="validateSuccessMessageTest()[pri:0, instance:admin.AdminEditProductTest@317a118b]" started-at="2022-08-12T20:46:07 EDT" name="validateSuccessMessageTest" finished-at="2022-08-12T20:46:07 EDT" duration-ms="195" status="PASS">
          <reporter-output>
          </reporter-output>
        </test-method> <!-- validateSuccessMessageTest -->
        <test-method is-config="true" signature="close()[pri:0, instance:admin.AdminEditProductTest@317a118b]" started-at="2022-08-12T20:46:07 EDT" name="close" finished-at="2022-08-12T20:46:08 EDT" duration-ms="85" status="PASS">
          <reporter-output>
          </reporter-output>
        </test-method> <!-- close -->
      </class> <!-- admin.AdminEditProductTest -->
    </test> <!-- Default test -->
  </suite> <!-- Default suite -->
</testng-results>
